<?xml version="1.0" encoding="UTF-8"?>
<!-- Generated by org.testng.reporters.JUnitReportReporter -->
<testsuite skipped="0" hostname="Upendra-Macbook-Pro.local" name="com.crm.qa.testcases.LoginPageTest" tests="3" failures="0" timestamp="2019-09-09T14:54:10 IST" time="21.424" errors="0">
  <testcase name="loginPageTitleTest" time="4.627" classname="com.crm.qa.testcases.LoginPageTest"/>
  <testcase name="crmLogoImageTest" time="5.653" classname="com.crm.qa.testcases.LoginPageTest"/>
  <testcase name="loginTest" time="11.144" classname="com.crm.qa.testcases.LoginPageTest"/>
</testsuite> <!-- com.crm.qa.testcases.LoginPageTest -->
