<?xml version="1.0" encoding="UTF-8"?>
<!-- Generated by org.testng.reporters.JUnitReportReporter -->
<testsuite skipped="0" hostname="Upendra-Macbook-Pro.local" name="com.crm.qa.testcases.LoginPageTest" tests="1" failures="0" timestamp="10 Sep 2019 06:25:56 GMT" time="5.033" errors="0">
  <testcase name="loginPageTitleTest" time="5.033" classname="com.crm.qa.testcases.LoginPageTest"/>
</testsuite> <!-- com.crm.qa.testcases.LoginPageTest -->
